The system is: Linux - 3.10.0-1160.el7.x86_64 - x86_64
Compiling the C compiler identification source file "CMakeCCompilerId.c" succeeded.
Compiler: /usr/bin/cc 
Build flags: 
Id flags: 

The output was:
0


Compilation of the C compiler identification source "CMakeCCompilerId.c" produced "a.out"

The C compiler identification is GNU, found in "/root/SOURCE_CODE/CACHE/ARC/build/CMakeFiles/2.8.12.2/CompilerIdC/a.out"

Compiling the CXX compiler identification source file "CMakeCXXCompilerId.cpp" succeeded.
Compiler: /usr/bin/c++ 
Build flags: 
Id flags: 

The output was:
0


Compilation of the CXX compiler identification source "CMakeCXXCompilerId.cpp" produced "a.out"

The CXX compiler identification is GNU, found in "/root/SOURCE_CODE/CACHE/ARC/build/CMakeFiles/2.8.12.2/CompilerIdCXX/a.out"

Determining if the C compiler works passed with the following output:
Change Dir: /root/SOURCE_CODE/CACHE/ARC/build/CMakeFiles/CMakeTmp

Run Build Command:/usr/bin/gmake "cmTryCompileExec2646349172/fast"
/usr/bin/gmake -f CMakeFiles/cmTryCompileExec2646349172.dir/build.make CMakeFiles/cmTryCompileExec2646349172.dir/build
gmake: Warning: File `Makefile' has modification time 2.5 s in the future
gmake[1]: 进入目录“/root/SOURCE_CODE/CACHE/ARC/build/CMakeFiles/CMakeTmp”
gmake[1]: Warning: File `CMakeFiles/cmTryCompileExec2646349172.dir/flags.make' has modification time 2.4 s in the future
/usr/bin/cmake -E cmake_progress_report /root/SOURCE_CODE/CACHE/ARC/build/CMakeFiles/CMakeTmp/CMakeFiles 1
Building C object CMakeFiles/cmTryCompileExec2646349172.dir/testCCompiler.c.o
/usr/bin/cc    -o CMakeFiles/cmTryCompileExec2646349172.dir/testCCompiler.c.o   -c /root/SOURCE_CODE/CACHE/ARC/build/CMakeFiles/CMakeTmp/testCCompiler.c
Linking C executable cmTryCompileExec2646349172
/usr/bin/cmake -E cmake_link_script CMakeFiles/cmTryCompileExec2646349172.dir/link.txt --verbose=1
/usr/bin/cc       CMakeFiles/cmTryCompileExec2646349172.dir/testCCompiler.c.o  -o cmTryCompileExec2646349172 -rdynamic 
gmake[1]: gmake[1]: 离开目录“/root/SOURCE_CODE/CACHE/ARC/build/CMakeFiles/CMakeTmp”
警告：检测到时钟错误。您的创建可能是不完整的。
gmake: 警告：检测到时钟错误。您的创建可能是不完整的。


Detecting C compiler ABI info compiled with the following output:
Change Dir: /root/SOURCE_CODE/CACHE/ARC/build/CMakeFiles/CMakeTmp

Run Build Command:/usr/bin/gmake "cmTryCompileExec825152614/fast"
/usr/bin/gmake -f CMakeFiles/cmTryCompileExec825152614.dir/build.make CMakeFiles/cmTryCompileExec825152614.dir/build
gmake: Warning: File `Makefile' has modification time 2.4 s in the future
gmake[1]: 进入目录“/root/SOURCE_CODE/CACHE/ARC/build/CMakeFiles/CMakeTmp”
gmake[1]: Warning: File `CMakeFiles/cmTryCompileExec825152614.dir/flags.make' has modification time 2.4 s in the future
/usr/bin/cmake -E cmake_progress_report /root/SOURCE_CODE/CACHE/ARC/build/CMakeFiles/CMakeTmp/CMakeFiles 1
Building C object CMakeFiles/cmTryCompileExec825152614.dir/CMakeCCompilerABI.c.o
/usr/bin/cc    -o CMakeFiles/cmTryCompileExec825152614.dir/CMakeCCompilerABI.c.o   -c /usr/share/cmake/Modules/CMakeCCompilerABI.c
Linking C executable cmTryCompileExec825152614
/usr/bin/cmake -E cmake_link_script CMakeFiles/cmTryCompileExec825152614.dir/link.txt --verbose=1
/usr/bin/cc     -v CMakeFiles/cmTryCompileExec825152614.dir/CMakeCCompilerABI.c.o  -o cmTryCompileExec825152614 -rdynamic  
使用内建 specs。
COLLECT_GCC=/usr/bin/cc
COLLECT_LTO_WRAPPER=/usr/local/libexec/gcc/x86_64-pc-linux-gnu/10.3.0/lto-wrapper
目标：x86_64-pc-linux-gnu
配置为：../configure --enable-checking=release -enable-languages=c,c++ -disable-multilib
线程模型：posix
Supported LTO compression algorithms: zlib
gcc 版本 10.3.0 (GCC) 
COMPILER_PATH=/usr/local/libexec/gcc/x86_64-pc-linux-gnu/10.3.0/:/usr/local/libexec/gcc/x86_64-pc-linux-gnu/10.3.0/:/usr/local/libexec/gcc/x86_64-pc-linux-gnu/:/usr/local/lib/gcc/x86_64-pc-linux-gnu/10.3.0/:/usr/local/lib/gcc/x86_64-pc-linux-gnu/
LIBRARY_PATH=/usr/local/lib/gcc/x86_64-pc-linux-gnu/10.3.0/:/usr/local/lib/gcc/x86_64-pc-linux-gnu/10.3.0/../../../../lib64/:/lib/../lib64/:/usr/lib/../lib64/:/usr/local/lib/gcc/x86_64-pc-linux-gnu/10.3.0/../../../:/lib/:/usr/lib/
COLLECT_GCC_OPTIONS='-v' '-o' 'cmTryCompileExec825152614' '-rdynamic' '-mtune=generic' '-march=x86-64'
 /usr/local/libexec/gcc/x86_64-pc-linux-gnu/10.3.0/collect2 -plugin /usr/local/libexec/gcc/x86_64-pc-linux-gnu/10.3.0/liblto_plugin.so -plugin-opt=/usr/local/libexec/gcc/x86_64-pc-linux-gnu/10.3.0/lto-wrapper -plugin-opt=-fresolution=/tmp/ccH9nw7A.res -plugin-opt=-pass-through=-lgcc -plugin-opt=-pass-through=-lgcc_s -plugin-opt=-pass-through=-lc -plugin-opt=-pass-through=-lgcc -plugin-opt=-pass-through=-lgcc_s --eh-frame-hdr -m elf_x86_64 -export-dynamic -dynamic-linker /lib64/ld-linux-x86-64.so.2 -o cmTryCompileExec825152614 /lib/../lib64/crt1.o /lib/../lib64/crti.o /usr/local/lib/gcc/x86_64-pc-linux-gnu/10.3.0/crtbegin.o -L/usr/local/lib/gcc/x86_64-pc-linux-gnu/10.3.0 -L/usr/local/lib/gcc/x86_64-pc-linux-gnu/10.3.0/../../../../lib64 -L/lib/../lib64 -L/usr/lib/../lib64 -L/usr/local/lib/gcc/x86_64-pc-linux-gnu/10.3.0/../../.. CMakeFiles/cmTryCompileExec825152614.dir/CMakeCCompilerABI.c.o -lgcc --as-needed -lgcc_s --no-as-needed -lc -lgcc --as-needed -lgcc_s --no-as-needed /usr/local/lib/gcc/x86_64-pc-linux-gnu/10.3.0/crtend.o /lib/../lib64/crtn.o
COLLECT_GCC_OPTIONS='-v' '-o' 'cmTryCompileExec825152614' '-rdynamic' '-mtune=generic' '-march=x86-64'
gmake[1]: 离开目录“/root/SOURCE_CODE/CACHE/ARC/build/CMakeFiles/CMakeTmp”
gmake[1]: 警告：检测到时钟错误。您的创建可能是不完整的。
gmake: 警告：检测到时钟错误。您的创建可能是不完整的。


Parsed C implicit link information from above output:
  link line regex: [^( *|.*[/\])(ld|([^/\]+-)?ld|collect2)[^/\]*( |$)]
  ignore line: [Change Dir: /root/SOURCE_CODE/CACHE/ARC/build/CMakeFiles/CMakeTmp]
  ignore line: []
  ignore line: [Run Build Command:/usr/bin/gmake "cmTryCompileExec825152614/fast"]
  ignore line: [/usr/bin/gmake -f CMakeFiles/cmTryCompileExec825152614.dir/build.make CMakeFiles/cmTryCompileExec825152614.dir/build]
  ignore line: [gmake: Warning: File `Makefile' has modification time 2.4 s in the future]
  ignore line: [gmake[1]: 进入目录“/root/SOURCE_CODE/CACHE/ARC/build/CMakeFiles/CMakeTmp”]
  ignore line: [gmake[1]: Warning: File `CMakeFiles/cmTryCompileExec825152614.dir/flags.make' has modification time 2.4 s in the future]
  ignore line: [/usr/bin/cmake -E cmake_progress_report /root/SOURCE_CODE/CACHE/ARC/build/CMakeFiles/CMakeTmp/CMakeFiles 1]
  ignore line: [Building C object CMakeFiles/cmTryCompileExec825152614.dir/CMakeCCompilerABI.c.o]
  ignore line: [/usr/bin/cc    -o CMakeFiles/cmTryCompileExec825152614.dir/CMakeCCompilerABI.c.o   -c /usr/share/cmake/Modules/CMakeCCompilerABI.c]
  ignore line: [Linking C executable cmTryCompileExec825152614]
  ignore line: [/usr/bin/cmake -E cmake_link_script CMakeFiles/cmTryCompileExec825152614.dir/link.txt --verbose=1]
  ignore line: [/usr/bin/cc     -v CMakeFiles/cmTryCompileExec825152614.dir/CMakeCCompilerABI.c.o  -o cmTryCompileExec825152614 -rdynamic  ]
  ignore line: [使用内建 specs。]
  ignore line: [COLLECT_GCC=/usr/bin/cc]
  ignore line: [COLLECT_LTO_WRAPPER=/usr/local/libexec/gcc/x86_64-pc-linux-gnu/10.3.0/lto-wrapper]
  ignore line: [目标：x86_64-pc-linux-gnu]
  ignore line: [配置为：../configure --enable-checking=release -enable-languages=c,c++ -disable-multilib]
  ignore line: [线程模型：posix]
  ignore line: [Supported LTO compression algorithms: zlib]
  ignore line: [gcc 版本 10.3.0 (GCC) ]
  ignore line: [COMPILER_PATH=/usr/local/libexec/gcc/x86_64-pc-linux-gnu/10.3.0/:/usr/local/libexec/gcc/x86_64-pc-linux-gnu/10.3.0/:/usr/local/libexec/gcc/x86_64-pc-linux-gnu/:/usr/local/lib/gcc/x86_64-pc-linux-gnu/10.3.0/:/usr/local/lib/gcc/x86_64-pc-linux-gnu/]
  ignore line: [LIBRARY_PATH=/usr/local/lib/gcc/x86_64-pc-linux-gnu/10.3.0/:/usr/local/lib/gcc/x86_64-pc-linux-gnu/10.3.0/../../../../lib64/:/lib/../lib64/:/usr/lib/../lib64/:/usr/local/lib/gcc/x86_64-pc-linux-gnu/10.3.0/../../../:/lib/:/usr/lib/]
  ignore line: [COLLECT_GCC_OPTIONS='-v' '-o' 'cmTryCompileExec825152614' '-rdynamic' '-mtune=generic' '-march=x86-64']
  link line: [ /usr/local/libexec/gcc/x86_64-pc-linux-gnu/10.3.0/collect2 -plugin /usr/local/libexec/gcc/x86_64-pc-linux-gnu/10.3.0/liblto_plugin.so -plugin-opt=/usr/local/libexec/gcc/x86_64-pc-linux-gnu/10.3.0/lto-wrapper -plugin-opt=-fresolution=/tmp/ccH9nw7A.res -plugin-opt=-pass-through=-lgcc -plugin-opt=-pass-through=-lgcc_s -plugin-opt=-pass-through=-lc -plugin-opt=-pass-through=-lgcc -plugin-opt=-pass-through=-lgcc_s --eh-frame-hdr -m elf_x86_64 -export-dynamic -dynamic-linker /lib64/ld-linux-x86-64.so.2 -o cmTryCompileExec825152614 /lib/../lib64/crt1.o /lib/../lib64/crti.o /usr/local/lib/gcc/x86_64-pc-linux-gnu/10.3.0/crtbegin.o -L/usr/local/lib/gcc/x86_64-pc-linux-gnu/10.3.0 -L/usr/local/lib/gcc/x86_64-pc-linux-gnu/10.3.0/../../../../lib64 -L/lib/../lib64 -L/usr/lib/../lib64 -L/usr/local/lib/gcc/x86_64-pc-linux-gnu/10.3.0/../../.. CMakeFiles/cmTryCompileExec825152614.dir/CMakeCCompilerABI.c.o -lgcc --as-needed -lgcc_s --no-as-needed -lc -lgcc --as-needed -lgcc_s --no-as-needed /usr/local/lib/gcc/x86_64-pc-linux-gnu/10.3.0/crtend.o /lib/../lib64/crtn.o]
    arg [/usr/local/libexec/gcc/x86_64-pc-linux-gnu/10.3.0/collect2] ==> ignore
    arg [-plugin] ==> ignore
    arg [/usr/local/libexec/gcc/x86_64-pc-linux-gnu/10.3.0/liblto_plugin.so] ==> ignore
    arg [-plugin-opt=/usr/local/libexec/gcc/x86_64-pc-linux-gnu/10.3.0/lto-wrapper] ==> ignore
    arg [-plugin-opt=-fresolution=/tmp/ccH9nw7A.res] ==> ignore
    arg [-plugin-opt=-pass-through=-lgcc] ==> ignore
    arg [-plugin-opt=-pass-through=-lgcc_s] ==> ignore
    arg [-plugin-opt=-pass-through=-lc] ==> ignore
    arg [-plugin-opt=-pass-through=-lgcc] ==> ignore
    arg [-plugin-opt=-pass-through=-lgcc_s] ==> ignore
    arg [--eh-frame-hdr] ==> ignore
    arg [-m] ==> ignore
    arg [elf_x86_64] ==> ignore
    arg [-export-dynamic] ==> ignore
    arg [-dynamic-linker] ==> ignore
    arg [/lib64/ld-linux-x86-64.so.2] ==> ignore
    arg [-o] ==> ignore
    arg [cmTryCompileExec825152614] ==> ignore
    arg [/lib/../lib64/crt1.o] ==> ignore
    arg [/lib/../lib64/crti.o] ==> ignore
    arg [/usr/local/lib/gcc/x86_64-pc-linux-gnu/10.3.0/crtbegin.o] ==> ignore
    arg [-L/usr/local/lib/gcc/x86_64-pc-linux-gnu/10.3.0] ==> dir [/usr/local/lib/gcc/x86_64-pc-linux-gnu/10.3.0]
    arg [-L/usr/local/lib/gcc/x86_64-pc-linux-gnu/10.3.0/../../../../lib64] ==> dir [/usr/local/lib/gcc/x86_64-pc-linux-gnu/10.3.0/../../../../lib64]
    arg [-L/lib/../lib64] ==> dir [/lib/../lib64]
    arg [-L/usr/lib/../lib64] ==> dir [/usr/lib/../lib64]
    arg [-L/usr/local/lib/gcc/x86_64-pc-linux-gnu/10.3.0/../../..] ==> dir [/usr/local/lib/gcc/x86_64-pc-linux-gnu/10.3.0/../../..]
    arg [CMakeFiles/cmTryCompileExec825152614.dir/CMakeCCompilerABI.c.o] ==> ignore
    arg [-lgcc] ==> lib [gcc]
    arg [--as-needed] ==> ignore
    arg [-lgcc_s] ==> lib [gcc_s]
    arg [--no-as-needed] ==> ignore
    arg [-lc] ==> lib [c]
    arg [-lgcc] ==> lib [gcc]
    arg [--as-needed] ==> ignore
    arg [-lgcc_s] ==> lib [gcc_s]
    arg [--no-as-needed] ==> ignore
    arg [/usr/local/lib/gcc/x86_64-pc-linux-gnu/10.3.0/crtend.o] ==> ignore
    arg [/lib/../lib64/crtn.o] ==> ignore
  remove lib [gcc]
  remove lib [gcc_s]
  remove lib [gcc]
  remove lib [gcc_s]
  collapse library dir [/usr/local/lib/gcc/x86_64-pc-linux-gnu/10.3.0] ==> [/usr/local/lib/gcc/x86_64-pc-linux-gnu/10.3.0]
  collapse library dir [/usr/local/lib/gcc/x86_64-pc-linux-gnu/10.3.0/../../../../lib64] ==> [/usr/local/lib64]
  collapse library dir [/lib/../lib64] ==> [/lib64]
  collapse library dir [/usr/lib/../lib64] ==> [/usr/lib64]
  collapse library dir [/usr/local/lib/gcc/x86_64-pc-linux-gnu/10.3.0/../../..] ==> [/usr/local/lib]
  implicit libs: [c]
  implicit dirs: [/usr/local/lib/gcc/x86_64-pc-linux-gnu/10.3.0;/usr/local/lib64;/lib64;/usr/lib64;/usr/local/lib]
  implicit fwks: []


Determining if the CXX compiler works passed with the following output:
Change Dir: /root/SOURCE_CODE/CACHE/ARC/build/CMakeFiles/CMakeTmp

Run Build Command:/usr/bin/gmake "cmTryCompileExec1628727716/fast"
/usr/bin/gmake -f CMakeFiles/cmTryCompileExec1628727716.dir/build.make CMakeFiles/cmTryCompileExec1628727716.dir/build
gmake: Warning: File `Makefile' has modification time 2.4 s in the future
gmake[1]: 进入目录“/root/SOURCE_CODE/CACHE/ARC/build/CMakeFiles/CMakeTmp”
gmake[1]: Warning: File `CMakeFiles/cmTryCompileExec1628727716.dir/flags.make' has modification time 2.3 s in the future
/usr/bin/cmake -E cmake_progress_report /root/SOURCE_CODE/CACHE/ARC/build/CMakeFiles/CMakeTmp/CMakeFiles 1
Building CXX object CMakeFiles/cmTryCompileExec1628727716.dir/testCXXCompiler.cxx.o
/usr/bin/c++     -o CMakeFiles/cmTryCompileExec1628727716.dir/testCXXCompiler.cxx.o -c /root/SOURCE_CODE/CACHE/ARC/build/CMakeFiles/CMakeTmp/testCXXCompiler.cxx
Linking CXX executable cmTryCompileExec1628727716
/usr/bin/cmake -E cmake_link_script CMakeFiles/cmTryCompileExec1628727716.dir/link.txt --verbose=1
/usr/bin/c++        CMakeFiles/cmTryCompileExec1628727716.dir/testCXXCompiler.cxx.o  -o cmTryCompileExec1628727716 -rdynamic 
gmake[1]: 警告：检测到时钟错误。您的创建可能是不完整的。
gmake[1]: 离开目录“/root/SOURCE_CODE/CACHE/ARC/build/CMakeFiles/CMakeTmp”
gmake: 警告：检测到时钟错误。您的创建可能是不完整的。


Detecting CXX compiler ABI info compiled with the following output:
Change Dir: /root/SOURCE_CODE/CACHE/ARC/build/CMakeFiles/CMakeTmp

Run Build Command:/usr/bin/gmake "cmTryCompileExec1716579573/fast"
/usr/bin/gmake -f CMakeFiles/cmTryCompileExec1716579573.dir/build.make CMakeFiles/cmTryCompileExec1716579573.dir/build
gmake: Warning: File `Makefile' has modification time 2.4 s in the future
gmake[1]: 进入目录“/root/SOURCE_CODE/CACHE/ARC/build/CMakeFiles/CMakeTmp”
gmake[1]: Warning: File `CMakeFiles/cmTryCompileExec1716579573.dir/flags.make' has modification time 2.4 s in the future
/usr/bin/cmake -E cmake_progress_report /root/SOURCE_CODE/CACHE/ARC/build/CMakeFiles/CMakeTmp/CMakeFiles 1
Building CXX object CMakeFiles/cmTryCompileExec1716579573.dir/CMakeCXXCompilerABI.cpp.o
/usr/bin/c++     -o CMakeFiles/cmTryCompileExec1716579573.dir/CMakeCXXCompilerABI.cpp.o -c /usr/share/cmake/Modules/CMakeCXXCompilerABI.cpp
Linking CXX executable cmTryCompileExec1716579573
/usr/bin/cmake -E cmake_link_script CMakeFiles/cmTryCompileExec1716579573.dir/link.txt --verbose=1
/usr/bin/c++      -v CMakeFiles/cmTryCompileExec1716579573.dir/CMakeCXXCompilerABI.cpp.o  -o cmTryCompileExec1716579573 -rdynamic  
使用内建 specs。
COLLECT_GCC=/usr/bin/c++
COLLECT_LTO_WRAPPER=/usr/local/libexec/gcc/x86_64-pc-linux-gnu/10.3.0/lto-wrapper
目标：x86_64-pc-linux-gnu
配置为：../configure --enable-checking=release -enable-languages=c,c++ -disable-multilib
线程模型：posix
Supported LTO compression algorithms: zlib
gcc 版本 10.3.0 (GCC) 
COMPILER_PATH=/usr/local/libexec/gcc/x86_64-pc-linux-gnu/10.3.0/:/usr/local/libexec/gcc/x86_64-pc-linux-gnu/10.3.0/:/usr/local/libexec/gcc/x86_64-pc-linux-gnu/:/usr/local/lib/gcc/x86_64-pc-linux-gnu/10.3.0/:/usr/local/lib/gcc/x86_64-pc-linux-gnu/
LIBRARY_PATH=/usr/local/lib/gcc/x86_64-pc-linux-gnu/10.3.0/:/usr/local/lib/gcc/x86_64-pc-linux-gnu/10.3.0/../../../../lib64/:/lib/../lib64/:/usr/lib/../lib64/:/usr/local/lib/gcc/x86_64-pc-linux-gnu/10.3.0/../../../:/lib/:/usr/lib/
COLLECT_GCC_OPTIONS='-v' '-o' 'cmTryCompileExec1716579573' '-rdynamic' '-shared-libgcc' '-mtune=generic' '-march=x86-64'
 /usr/local/libexec/gcc/x86_64-pc-linux-gnu/10.3.0/collect2 -plugin /usr/local/libexec/gcc/x86_64-pc-linux-gnu/10.3.0/liblto_plugin.so -plugin-opt=/usr/local/libexec/gcc/x86_64-pc-linux-gnu/10.3.0/lto-wrapper -plugin-opt=-fresolution=/tmp/ccaAIfbl.res -plugin-opt=-pass-through=-lgcc_s -plugin-opt=-pass-through=-lgcc -plugin-opt=-pass-through=-lc -plugin-opt=-pass-through=-lgcc_s -plugin-opt=-pass-through=-lgcc --eh-frame-hdr -m elf_x86_64 -export-dynamic -dynamic-linker /lib64/ld-linux-x86-64.so.2 -o cmTryCompileExec1716579573 /lib/../lib64/crt1.o /lib/../lib64/crti.o /usr/local/lib/gcc/x86_64-pc-linux-gnu/10.3.0/crtbegin.o -L/usr/local/lib/gcc/x86_64-pc-linux-gnu/10.3.0 -L/usr/local/lib/gcc/x86_64-pc-linux-gnu/10.3.0/../../../../lib64 -L/lib/../lib64 -L/usr/lib/../lib64 -L/usr/local/lib/gcc/x86_64-pc-linux-gnu/10.3.0/../../.. CMakeFiles/cmTryCompileExec1716579573.dir/CMakeCXXCompilerABI.cpp.o -lstdc++ -lm -lgcc_s -lgcc -lc -lgcc_s -lgcc /usr/local/lib/gcc/x86_64-pc-linux-gnu/10.3.0/crtend.o /lib/../lib64/crtn.o
COLLECT_GCC_OPTIONS='-v' '-o' 'cmTryCompileExec1716579573' '-rdynamic' '-shared-libgcc' '-mtune=generic' '-march=x86-64'
gmake[1]: 离开目录“/root/SOURCE_CODE/CACHE/ARC/build/CMakeFiles/CMakeTmp”
gmake[1]: 警告：检测到时钟错误。您的创建可能是不完整的。
gmake: 警告：检测到时钟错误。您的创建可能是不完整的。


Parsed CXX implicit link information from above output:
  link line regex: [^( *|.*[/\])(ld|([^/\]+-)?ld|collect2)[^/\]*( |$)]
  ignore line: [Change Dir: /root/SOURCE_CODE/CACHE/ARC/build/CMakeFiles/CMakeTmp]
  ignore line: []
  ignore line: [Run Build Command:/usr/bin/gmake "cmTryCompileExec1716579573/fast"]
  ignore line: [/usr/bin/gmake -f CMakeFiles/cmTryCompileExec1716579573.dir/build.make CMakeFiles/cmTryCompileExec1716579573.dir/build]
  ignore line: [gmake: Warning: File `Makefile' has modification time 2.4 s in the future]
  ignore line: [gmake[1]: 进入目录“/root/SOURCE_CODE/CACHE/ARC/build/CMakeFiles/CMakeTmp”]
  ignore line: [gmake[1]: Warning: File `CMakeFiles/cmTryCompileExec1716579573.dir/flags.make' has modification time 2.4 s in the future]
  ignore line: [/usr/bin/cmake -E cmake_progress_report /root/SOURCE_CODE/CACHE/ARC/build/CMakeFiles/CMakeTmp/CMakeFiles 1]
  ignore line: [Building CXX object CMakeFiles/cmTryCompileExec1716579573.dir/CMakeCXXCompilerABI.cpp.o]
  ignore line: [/usr/bin/c++     -o CMakeFiles/cmTryCompileExec1716579573.dir/CMakeCXXCompilerABI.cpp.o -c /usr/share/cmake/Modules/CMakeCXXCompilerABI.cpp]
  ignore line: [Linking CXX executable cmTryCompileExec1716579573]
  ignore line: [/usr/bin/cmake -E cmake_link_script CMakeFiles/cmTryCompileExec1716579573.dir/link.txt --verbose=1]
  ignore line: [/usr/bin/c++      -v CMakeFiles/cmTryCompileExec1716579573.dir/CMakeCXXCompilerABI.cpp.o  -o cmTryCompileExec1716579573 -rdynamic  ]
  ignore line: [使用内建 specs。]
  ignore line: [COLLECT_GCC=/usr/bin/c++]
  ignore line: [COLLECT_LTO_WRAPPER=/usr/local/libexec/gcc/x86_64-pc-linux-gnu/10.3.0/lto-wrapper]
  ignore line: [目标：x86_64-pc-linux-gnu]
  ignore line: [配置为：../configure --enable-checking=release -enable-languages=c,c++ -disable-multilib]
  ignore line: [线程模型：posix]
  ignore line: [Supported LTO compression algorithms: zlib]
  ignore line: [gcc 版本 10.3.0 (GCC) ]
  ignore line: [COMPILER_PATH=/usr/local/libexec/gcc/x86_64-pc-linux-gnu/10.3.0/:/usr/local/libexec/gcc/x86_64-pc-linux-gnu/10.3.0/:/usr/local/libexec/gcc/x86_64-pc-linux-gnu/:/usr/local/lib/gcc/x86_64-pc-linux-gnu/10.3.0/:/usr/local/lib/gcc/x86_64-pc-linux-gnu/]
  ignore line: [LIBRARY_PATH=/usr/local/lib/gcc/x86_64-pc-linux-gnu/10.3.0/:/usr/local/lib/gcc/x86_64-pc-linux-gnu/10.3.0/../../../../lib64/:/lib/../lib64/:/usr/lib/../lib64/:/usr/local/lib/gcc/x86_64-pc-linux-gnu/10.3.0/../../../:/lib/:/usr/lib/]
  ignore line: [COLLECT_GCC_OPTIONS='-v' '-o' 'cmTryCompileExec1716579573' '-rdynamic' '-shared-libgcc' '-mtune=generic' '-march=x86-64']
  link line: [ /usr/local/libexec/gcc/x86_64-pc-linux-gnu/10.3.0/collect2 -plugin /usr/local/libexec/gcc/x86_64-pc-linux-gnu/10.3.0/liblto_plugin.so -plugin-opt=/usr/local/libexec/gcc/x86_64-pc-linux-gnu/10.3.0/lto-wrapper -plugin-opt=-fresolution=/tmp/ccaAIfbl.res -plugin-opt=-pass-through=-lgcc_s -plugin-opt=-pass-through=-lgcc -plugin-opt=-pass-through=-lc -plugin-opt=-pass-through=-lgcc_s -plugin-opt=-pass-through=-lgcc --eh-frame-hdr -m elf_x86_64 -export-dynamic -dynamic-linker /lib64/ld-linux-x86-64.so.2 -o cmTryCompileExec1716579573 /lib/../lib64/crt1.o /lib/../lib64/crti.o /usr/local/lib/gcc/x86_64-pc-linux-gnu/10.3.0/crtbegin.o -L/usr/local/lib/gcc/x86_64-pc-linux-gnu/10.3.0 -L/usr/local/lib/gcc/x86_64-pc-linux-gnu/10.3.0/../../../../lib64 -L/lib/../lib64 -L/usr/lib/../lib64 -L/usr/local/lib/gcc/x86_64-pc-linux-gnu/10.3.0/../../.. CMakeFiles/cmTryCompileExec1716579573.dir/CMakeCXXCompilerABI.cpp.o -lstdc++ -lm -lgcc_s -lgcc -lc -lgcc_s -lgcc /usr/local/lib/gcc/x86_64-pc-linux-gnu/10.3.0/crtend.o /lib/../lib64/crtn.o]
    arg [/usr/local/libexec/gcc/x86_64-pc-linux-gnu/10.3.0/collect2] ==> ignore
    arg [-plugin] ==> ignore
    arg [/usr/local/libexec/gcc/x86_64-pc-linux-gnu/10.3.0/liblto_plugin.so] ==> ignore
    arg [-plugin-opt=/usr/local/libexec/gcc/x86_64-pc-linux-gnu/10.3.0/lto-wrapper] ==> ignore
    arg [-plugin-opt=-fresolution=/tmp/ccaAIfbl.res] ==> ignore
    arg [-plugin-opt=-pass-through=-lgcc_s] ==> ignore
    arg [-plugin-opt=-pass-through=-lgcc] ==> ignore
    arg [-plugin-opt=-pass-through=-lc] ==> ignore
    arg [-plugin-opt=-pass-through=-lgcc_s] ==> ignore
    arg [-plugin-opt=-pass-through=-lgcc] ==> ignore
    arg [--eh-frame-hdr] ==> ignore
    arg [-m] ==> ignore
    arg [elf_x86_64] ==> ignore
    arg [-export-dynamic] ==> ignore
    arg [-dynamic-linker] ==> ignore
    arg [/lib64/ld-linux-x86-64.so.2] ==> ignore
    arg [-o] ==> ignore
    arg [cmTryCompileExec1716579573] ==> ignore
    arg [/lib/../lib64/crt1.o] ==> ignore
    arg [/lib/../lib64/crti.o] ==> ignore
    arg [/usr/local/lib/gcc/x86_64-pc-linux-gnu/10.3.0/crtbegin.o] ==> ignore
    arg [-L/usr/local/lib/gcc/x86_64-pc-linux-gnu/10.3.0] ==> dir [/usr/local/lib/gcc/x86_64-pc-linux-gnu/10.3.0]
    arg [-L/usr/local/lib/gcc/x86_64-pc-linux-gnu/10.3.0/../../../../lib64] ==> dir [/usr/local/lib/gcc/x86_64-pc-linux-gnu/10.3.0/../../../../lib64]
    arg [-L/lib/../lib64] ==> dir [/lib/../lib64]
    arg [-L/usr/lib/../lib64] ==> dir [/usr/lib/../lib64]
    arg [-L/usr/local/lib/gcc/x86_64-pc-linux-gnu/10.3.0/../../..] ==> dir [/usr/local/lib/gcc/x86_64-pc-linux-gnu/10.3.0/../../..]
    arg [CMakeFiles/cmTryCompileExec1716579573.dir/CMakeCXXCompilerABI.cpp.o] ==> ignore
    arg [-lstdc++] ==> lib [stdc++]
    arg [-lm] ==> lib [m]
    arg [-lgcc_s] ==> lib [gcc_s]
    arg [-lgcc] ==> lib [gcc]
    arg [-lc] ==> lib [c]
    arg [-lgcc_s] ==> lib [gcc_s]
    arg [-lgcc] ==> lib [gcc]
    arg [/usr/local/lib/gcc/x86_64-pc-linux-gnu/10.3.0/crtend.o] ==> ignore
    arg [/lib/../lib64/crtn.o] ==> ignore
  remove lib [gcc_s]
  remove lib [gcc]
  remove lib [gcc_s]
  remove lib [gcc]
  collapse library dir [/usr/local/lib/gcc/x86_64-pc-linux-gnu/10.3.0] ==> [/usr/local/lib/gcc/x86_64-pc-linux-gnu/10.3.0]
  collapse library dir [/usr/local/lib/gcc/x86_64-pc-linux-gnu/10.3.0/../../../../lib64] ==> [/usr/local/lib64]
  collapse library dir [/lib/../lib64] ==> [/lib64]
  collapse library dir [/usr/lib/../lib64] ==> [/usr/lib64]
  collapse library dir [/usr/local/lib/gcc/x86_64-pc-linux-gnu/10.3.0/../../..] ==> [/usr/local/lib]
  implicit libs: [stdc++;m;c]
  implicit dirs: [/usr/local/lib/gcc/x86_64-pc-linux-gnu/10.3.0;/usr/local/lib64;/lib64;/usr/lib64;/usr/local/lib]
  implicit fwks: []


